<?xml version="1.0" encoding="UTF-8"?>
<!-- Generated by org.testng.reporters.JUnitReportReporter -->
<testsuite hostname="zea" failures="0" tests="31" name="com.employee.TestNG_Report_" time="4.803" errors="1" timestamp="2026-07-18T11:35:33 IST" skipped="30">
  <testcase classname="com.employee.TestNG_Report_" name="launchBrowser" time="4.800">
    <error message="unknown error: net::ERR_CONNECTION_REFUSED
  (Session info: chrome=150.0.7871.125)
Build info: version: &#039;4.18.1&#039;, revision: &#039;b1d3319b48&#039;
System info: os.name: &#039;Windows 11&#039;, os.arch: &#039;amd64&#039;, os.version: &#039;10.0&#039;, java.version: &#039;21.0.7&#039;
Driver info: org.openqa.selenium.chrome.ChromeDriver
Command: [093cc617f0d6237b04f0c65c40158189, get {url=http://localhost:5173}]
Capabilities {acceptInsecureCerts: false, browserName: chrome, browserVersion: 150.0.7871.125, chrome: {chromedriverVersion: 150.0.7871.124 (9261fd0a595..., userDataDir: C:\Users\nandhu.k\AppData\L...}, fedcm:accounts: true, goog:chromeOptions: {debuggerAddress: localhost:62964}, goog:processID: 25300, networkConnectionEnabled: false, pageLoadStrategy: normal, platformName: windows, proxy: Proxy(), se:cdp: ws://localhost:62964/devtoo..., se:cdpVersion: 150.0.7871.125, setWindowRect: true, strictFileInteractability: false, timeouts: {implicit: 0, pageLoad: 300000, script: 30000}, unhandledPromptBehavior: dismiss and notify, webauthn:extension:credBlob: true, webauthn:extension:largeBlob: true, webauthn:extension:minPinLength: true, webauthn:extension:prf: true, webauthn:virtualAuthenticators: true}
Session ID: 093cc617f0d6237b04f0c65c40158189" type="org.openqa.selenium.WebDriverException">
      <![CDATA[org.openqa.selenium.WebDriverException: unknown error: net::ERR_CONNECTION_REFUSED
  (Session info: chrome=150.0.7871.125)
Build info: version: '4.18.1', revision: 'b1d3319b48'
System info: os.name: 'Windows 11', os.arch: 'amd64', os.version: '10.0', java.version: '21.0.7'
Driver info: org.openqa.selenium.chrome.ChromeDriver
Command: [093cc617f0d6237b04f0c65c40158189, get {url=http://localhost:5173}]
Capabilities {acceptInsecureCerts: false, browserName: chrome, browserVersion: 150.0.7871.125, chrome: {chromedriverVersion: 150.0.7871.124 (9261fd0a595..., userDataDir: C:\Users\nandhu.k\AppData\L...}, fedcm:accounts: true, goog:chromeOptions: {debuggerAddress: localhost:62964}, goog:processID: 25300, networkConnectionEnabled: false, pageLoadStrategy: normal, platformName: windows, proxy: Proxy(), se:cdp: ws://localhost:62964/devtoo..., se:cdpVersion: 150.0.7871.125, setWindowRect: true, strictFileInteractability: false, timeouts: {implicit: 0, pageLoad: 300000, script: 30000}, unhandledPromptBehavior: dismiss and notify, webauthn:extension:credBlob: true, webauthn:extension:largeBlob: true, webauthn:extension:minPinLength: true, webauthn:extension:prf: true, webauthn:virtualAuthenticators: true}
Session ID: 093cc617f0d6237b04f0c65c40158189
at java.base/jdk.internal.reflect.DirectConstructorHandleAccessor.newInstance(DirectConstructorHandleAccessor.java:62)
at java.base/java.lang.reflect.Constructor.newInstanceWithCaller(Constructor.java:502)
at java.base/java.lang.reflect.Constructor.newInstance(Constructor.java:486)
at org.openqa.selenium.remote.ErrorCodec.decode(ErrorCodec.java:167)
at org.openqa.selenium.remote.codec.w3c.W3CHttpResponseCodec.decode(W3CHttpResponseCodec.java:138)
at org.openqa.selenium.remote.codec.w3c.W3CHttpResponseCodec.decode(W3CHttpResponseCodec.java:50)
at org.openqa.selenium.remote.HttpCommandExecutor.execute(HttpCommandExecutor.java:190)
at org.openqa.selenium.remote.service.DriverCommandExecutor.invokeExecute(DriverCommandExecutor.java:216)
at org.openqa.selenium.remote.service.DriverCommandExecutor.execute(DriverCommandExecutor.java:174)
at org.openqa.selenium.remote.RemoteWebDriver.execute(RemoteWebDriver.java:519)
at org.openqa.selenium.remote.RemoteWebDriver.get(RemoteWebDriver.java:301)
at com.employee.TestNG_Report_.launchBrowser(TestNG_Report_.java:147)
at java.base/jdk.internal.reflect.DirectMethodHandleAccessor.invoke(DirectMethodHandleAccessor.java:103)
at java.base/java.lang.reflect.Method.invoke(Method.java:580)
at org.testng.internal.invokers.MethodInvocationHelper.invokeMethod(MethodInvocationHelper.java:139)
at org.testng.internal.invokers.MethodInvocationHelper.invokeMethodConsideringTimeout(MethodInvocationHelper.java:69)
at org.testng.internal.invokers.ConfigInvoker.invokeConfigurationMethod(ConfigInvoker.java:393)
at org.testng.internal.invokers.ConfigInvoker.invokeConfigurations(ConfigInvoker.java:326)
at org.testng.internal.invokers.TestInvoker.runConfigMethods(TestInvoker.java:810)
at org.testng.internal.invokers.TestInvoker.invokeMethod(TestInvoker.java:578)
at org.testng.internal.invokers.TestInvoker.invokeTestMethod(TestInvoker.java:228)
at org.testng.internal.invokers.MethodRunner.runInSequence(MethodRunner.java:63)
at org.testng.internal.invokers.TestInvoker$MethodInvocationAgent.invoke(TestInvoker.java:961)
at org.testng.internal.invokers.TestInvoker.invokeTestMethods(TestInvoker.java:201)
at org.testng.internal.invokers.TestMethodWorker.invokeTestMethods(TestMethodWorker.java:148)
at org.testng.internal.invokers.TestMethodWorker.run(TestMethodWorker.java:128)
at java.base/java.util.ArrayList.forEach(ArrayList.java:1596)
at org.testng.TestRunner.privateRun(TestRunner.java:819)
at org.testng.TestRunner.run(TestRunner.java:619)
at org.testng.SuiteRunner.runTest(SuiteRunner.java:443)
at org.testng.SuiteRunner.runSequentially(SuiteRunner.java:437)
at org.testng.SuiteRunner.privateRun(SuiteRunner.java:397)
at org.testng.SuiteRunner.run(SuiteRunner.java:336)
at org.testng.SuiteRunnerWorker.runSuite(SuiteRunnerWorker.java:52)
at org.testng.SuiteRunnerWorker.run(SuiteRunnerWorker.java:95)
at org.testng.TestNG.runSuitesSequentially(TestNG.java:1301)
at org.testng.TestNG.runSuitesLocally(TestNG.java:1228)
at org.testng.TestNG.runSuites(TestNG.java:1134)
at org.testng.TestNG.run(TestNG.java:1101)
at org.apache.maven.surefire.testng.TestNGExecutor.run(TestNGExecutor.java:308)
at org.apache.maven.surefire.testng.TestNGXmlTestSuite.execute(TestNGXmlTestSuite.java:71)
at org.apache.maven.surefire.testng.TestNGProvider.invoke(TestNGProvider.java:113)
at org.apache.maven.surefire.booter.ForkedBooter.runSuitesInProcess(ForkedBooter.java:385)
at org.apache.maven.surefire.booter.ForkedBooter.execute(ForkedBooter.java:162)
at org.apache.maven.surefire.booter.ForkedBooter.run(ForkedBooter.java:507)
at org.apache.maven.surefire.booter.ForkedBooter.main(ForkedBooter.java:495)
]]>
    </error>
  </testcase> <!-- launchBrowser -->
  <testcase classname="com.employee.TestNG_Report_" name="tc01_PageTitleVerification" time="0.000">
    <skipped/>
  </testcase> <!-- tc01_PageTitleVerification -->
  <testcase classname="com.employee.TestNG_Report_" name="tc02_LoginPageUIElements" time="0.001">
    <skipped/>
  </testcase> <!-- tc02_LoginPageUIElements -->
  <testcase classname="com.employee.TestNG_Report_" name="tc03_AdminRoleCardClickable" time="0.000">
    <skipped/>
  </testcase> <!-- tc03_AdminRoleCardClickable -->
  <testcase classname="com.employee.TestNG_Report_" name="tc04_EmployeeRoleCardClickable" time="0.000">
    <skipped/>
  </testcase> <!-- tc04_EmployeeRoleCardClickable -->
  <testcase classname="com.employee.TestNG_Report_" name="tc05_ValidAdminLogin" time="0.000">
    <skipped/>
  </testcase> <!-- tc05_ValidAdminLogin -->
  <testcase classname="com.employee.TestNG_Report_" name="tc06_InvalidAdminLogin" time="0.000">
    <skipped/>
  </testcase> <!-- tc06_InvalidAdminLogin -->
  <testcase classname="com.employee.TestNG_Report_" name="tc07_ValidEmployeeLogin" time="0.000">
    <skipped/>
  </testcase> <!-- tc07_ValidEmployeeLogin -->
  <testcase classname="com.employee.TestNG_Report_" name="tc08_AdminLogout" time="0.000">
    <skipped/>
  </testcase> <!-- tc08_AdminLogout -->
  <testcase classname="com.employee.TestNG_Report_" name="tc09_DashboardLoads" time="0.000">
    <skipped/>
  </testcase> <!-- tc09_DashboardLoads -->
  <testcase classname="com.employee.TestNG_Report_" name="tc10_NavigateToEmployeesPage" time="0.000">
    <skipped/>
  </testcase> <!-- tc10_NavigateToEmployeesPage -->
  <testcase classname="com.employee.TestNG_Report_" name="tc11_NavigateToAttendancePage" time="0.000">
    <skipped/>
  </testcase> <!-- tc11_NavigateToAttendancePage -->
  <testcase classname="com.employee.TestNG_Report_" name="tc12_NavigateToSalaryPage" time="0.001">
    <skipped/>
  </testcase> <!-- tc12_NavigateToSalaryPage -->
  <testcase classname="com.employee.TestNG_Report_" name="tc13_NavigateToLeavesPage" time="0.000">
    <skipped/>
  </testcase> <!-- tc13_NavigateToLeavesPage -->
  <testcase classname="com.employee.TestNG_Report_" name="tc14_NavigateToReportsPage" time="0.000">
    <skipped/>
  </testcase> <!-- tc14_NavigateToReportsPage -->
  <testcase classname="com.employee.TestNG_Report_" name="tc15_NotificationsPage" time="0.000">
    <skipped/>
  </testcase> <!-- tc15_NotificationsPage -->
  <testcase classname="com.employee.TestNG_Report_" name="tc16_AddNewEmployee" time="0.001">
    <skipped/>
  </testcase> <!-- tc16_AddNewEmployee -->
  <testcase classname="com.employee.TestNG_Report_" name="tc17_SearchEmployee" time="0.000">
    <skipped/>
  </testcase> <!-- tc17_SearchEmployee -->
  <testcase classname="com.employee.TestNG_Report_" name="tc18_EmployeePortalDashboard" time="0.000">
    <skipped/>
  </testcase> <!-- tc18_EmployeePortalDashboard -->
  <testcase classname="com.employee.TestNG_Report_" name="tc19_EmployeePortalNotifications" time="0.000">
    <skipped/>
  </testcase> <!-- tc19_EmployeePortalNotifications -->
  <testcase classname="com.employee.TestNG_Report_" name="tc20_EmployeePortalLeaveRequest" time="0.000">
    <skipped/>
  </testcase> <!-- tc20_EmployeePortalLeaveRequest -->
  <testcase classname="com.employee.TestNG_Report_" name="tc21_HRAdminLogin" time="0.000">
    <skipped/>
  </testcase> <!-- tc21_HRAdminLogin -->
  <testcase classname="com.employee.TestNG_Report_" name="tc22_SecondEmployeeLogin" time="0.000">
    <skipped/>
  </testcase> <!-- tc22_SecondEmployeeLogin -->
  <testcase classname="com.employee.TestNG_Report_" name="tc23_BackButtonRoleSelection" time="0.000">
    <skipped/>
  </testcase> <!-- tc23_BackButtonRoleSelection -->
  <testcase classname="com.employee.TestNG_Report_" name="tc24_PasswordToggle" time="0.000">
    <skipped/>
  </testcase> <!-- tc24_PasswordToggle -->
  <testcase classname="com.employee.TestNG_Report_" name="tc25_EmptyFormValidation" time="0.000">
    <skipped/>
  </testcase> <!-- tc25_EmptyFormValidation -->
  <testcase classname="com.employee.TestNG_Report_" name="tc26_DashboardStatCards" time="0.000">
    <skipped/>
  </testcase> <!-- tc26_DashboardStatCards -->
  <testcase classname="com.employee.TestNG_Report_" name="tc27_SidebarCollapseExpand" time="0.000">
    <skipped/>
  </testcase> <!-- tc27_SidebarCollapseExpand -->
  <testcase classname="com.employee.TestNG_Report_" name="tc28_EmployeeListHasRows" time="0.000">
    <skipped/>
  </testcase> <!-- tc28_EmployeeListHasRows -->
  <testcase classname="com.employee.TestNG_Report_" name="tc29_LeaveListHasEntries" time="0.000">
    <skipped/>
  </testcase> <!-- tc29_LeaveListHasEntries -->
  <testcase classname="com.employee.TestNG_Report_" name="tc30_NoJavaScriptErrors" time="0.000">
    <skipped/>
  </testcase> <!-- tc30_NoJavaScriptErrors -->
</testsuite> <!-- com.employee.TestNG_Report_ -->
