<?xml version="1.0" encoding="UTF-8"?>
<!-- Generated by org.testng.reporters.JUnitXMLReporter -->
<testsuite ignored="0" hostname="zea" failures="0" tests="30" name="Full Regression Suite" time="4.988" errors="0" timestamp="2026-07-18T11:35:32 IST">
  <testcase classname="com.employee.TestNG_Report_" name="@BeforeMethod launchBrowser" time="4.8">
    <failure type="org.openqa.selenium.WebDriverException" message="unknown error: net::ERR_CONNECTION_REFUSED
  (Session info: chrome=150.0.7871.125)
Build info: version: &amp;apos;4.18.1&amp;apos;, revision: &amp;apos;b1d3319b48&amp;apos;
System info: os.name: &amp;apos;Windows 11&amp;apos;, os.arch: &amp;apos;amd64&amp;apos;, os.version: &amp;apos;10.0&amp;apos;, java.version: &amp;apos;21.0.7&amp;apos;
Driver info: org.openqa.selenium.chrome.ChromeDriver
Command: [093cc617f0d6237b04f0c65c40158189, get {url=http://localhost:5173}]
Capabilities {acceptInsecureCerts: false, browserName: chrome, browserVersion: 150.0.7871.125, chrome: {chromedriverVersion: 150.0.7871.124 (9261fd0a595..., userDataDir: C:\Users\nandhu.k\AppData\L...}, fedcm:accounts: true, goog:chromeOptions: {debuggerAddress: localhost:62964}, goog:processID: 25300, networkConnectionEnabled: false, pageLoadStrategy: normal, platformName: windows, proxy: Proxy(), se:cdp: ws://localhost:62964/devtoo..., se:cdpVersion: 150.0.7871.125, setWindowRect: true, strictFileInteractability: false, timeouts: {implicit: 0, pageLoad: 300000, script: 30000}, unhandledPromptBehavior: dismiss and notify, webauthn:extension:credBlob: true, webauthn:extension:largeBlob: true, webauthn:extension:minPinLength: true, webauthn:extension:prf: true, webauthn:virtualAuthenticators: true}
Session ID: 093cc617f0d6237b04f0c65c40158189">
      <![CDATA[org.openqa.selenium.WebDriverException: unknown error: net::ERR_CONNECTION_REFUSED
  (Session info: chrome=150.0.7871.125)
Build info: version: '4.18.1', revision: 'b1d3319b48'
System info: os.name: 'Windows 11', os.arch: 'amd64', os.version: '10.0', java.version: '21.0.7'
Driver info: org.openqa.selenium.chrome.ChromeDriver
Command: [093cc617f0d6237b04f0c65c40158189, get {url=http://localhost:5173}]
Capabilities {acceptInsecureCerts: false, browserName: chrome, browserVersion: 150.0.7871.125, chrome: {chromedriverVersion: 150.0.7871.124 (9261fd0a595..., userDataDir: C:\Users\nandhu.k\AppData\L...}, fedcm:accounts: true, goog:chromeOptions: {debuggerAddress: localhost:62964}, goog:processID: 25300, networkConnectionEnabled: false, pageLoadStrategy: normal, platformName: windows, proxy: Proxy(), se:cdp: ws://localhost:62964/devtoo..., se:cdpVersion: 150.0.7871.125, setWindowRect: true, strictFileInteractability: false, timeouts: {implicit: 0, pageLoad: 300000, script: 30000}, unhandledPromptBehavior: dismiss and notify, webauthn:extension:credBlob: true, webauthn:extension:largeBlob: true, webauthn:extension:minPinLength: true, webauthn:extension:prf: true, webauthn:virtualAuthenticators: true}
Session ID: 093cc617f0d6237b04f0c65c40158189
at org.openqa.selenium.remote.ErrorCodec.decode(ErrorCodec.java:167)
at org.openqa.selenium.remote.codec.w3c.W3CHttpResponseCodec.decode(W3CHttpResponseCodec.java:138)
at org.openqa.selenium.remote.codec.w3c.W3CHttpResponseCodec.decode(W3CHttpResponseCodec.java:50)
at org.openqa.selenium.remote.HttpCommandExecutor.execute(HttpCommandExecutor.java:190)
at org.openqa.selenium.remote.service.DriverCommandExecutor.invokeExecute(DriverCommandExecutor.java:216)
at org.openqa.selenium.remote.service.DriverCommandExecutor.execute(DriverCommandExecutor.java:174)
at org.openqa.selenium.remote.RemoteWebDriver.execute(RemoteWebDriver.java:519)
at org.openqa.selenium.remote.RemoteWebDriver.get(RemoteWebDriver.java:301)
at com.employee.TestNG_Report_.launchBrowser(TestNG_Report_.java:147)
at java.base/java.util.ArrayList.forEach(ArrayList.java:1596)
... Removed 36 stack frames]]>
    </failure>
  </testcase> <!-- @BeforeMethod launchBrowser -->
  <testcase classname="com.employee.TestNG_Report_" name="@AfterMethod tearDown" time="0.0">
    <skipped/>
  </testcase> <!-- @AfterMethod tearDown -->
  <testcase classname="com.employee.TestNG_Report_" name="@BeforeMethod launchBrowser" time="0.0">
    <skipped/>
  </testcase> <!-- @BeforeMethod launchBrowser -->
  <testcase classname="com.employee.TestNG_Report_" name="@AfterMethod tearDown" time="0.0">
    <skipped/>
  </testcase> <!-- @AfterMethod tearDown -->
  <testcase classname="com.employee.TestNG_Report_" name="@BeforeMethod launchBrowser" time="0.0">
    <skipped/>
  </testcase> <!-- @BeforeMethod launchBrowser -->
  <testcase classname="com.employee.TestNG_Report_" name="@AfterMethod tearDown" time="0.0">
    <skipped/>
  </testcase> <!-- @AfterMethod tearDown -->
  <testcase classname="com.employee.TestNG_Report_" name="@BeforeMethod launchBrowser" time="0.0">
    <skipped/>
  </testcase> <!-- @BeforeMethod launchBrowser -->
  <testcase classname="com.employee.TestNG_Report_" name="@AfterMethod tearDown" time="0.0">
    <skipped/>
  </testcase> <!-- @AfterMethod tearDown -->
  <testcase classname="com.employee.TestNG_Report_" name="@BeforeMethod launchBrowser" time="0.0">
    <skipped/>
  </testcase> <!-- @BeforeMethod launchBrowser -->
  <testcase classname="com.employee.TestNG_Report_" name="@AfterMethod tearDown" time="0.0">
    <skipped/>
  </testcase> <!-- @AfterMethod tearDown -->
  <testcase classname="com.employee.TestNG_Report_" name="@BeforeMethod launchBrowser" time="0.0">
    <skipped/>
  </testcase> <!-- @BeforeMethod launchBrowser -->
  <testcase classname="com.employee.TestNG_Report_" name="@AfterMethod tearDown" time="0.0">
    <skipped/>
  </testcase> <!-- @AfterMethod tearDown -->
  <testcase classname="com.employee.TestNG_Report_" name="@BeforeMethod launchBrowser" time="0.0">
    <skipped/>
  </testcase> <!-- @BeforeMethod launchBrowser -->
  <testcase classname="com.employee.TestNG_Report_" name="@AfterMethod tearDown" time="0.0">
    <skipped/>
  </testcase> <!-- @AfterMethod tearDown -->
  <testcase classname="com.employee.TestNG_Report_" name="@BeforeMethod launchBrowser" time="0.0">
    <skipped/>
  </testcase> <!-- @BeforeMethod launchBrowser -->
  <testcase classname="com.employee.TestNG_Report_" name="@AfterMethod tearDown" time="0.0">
    <skipped/>
  </testcase> <!-- @AfterMethod tearDown -->
  <testcase classname="com.employee.TestNG_Report_" name="@BeforeMethod launchBrowser" time="0.0">
    <skipped/>
  </testcase> <!-- @BeforeMethod launchBrowser -->
  <testcase classname="com.employee.TestNG_Report_" name="@AfterMethod tearDown" time="0.0">
    <skipped/>
  </testcase> <!-- @AfterMethod tearDown -->
  <testcase classname="com.employee.TestNG_Report_" name="@BeforeMethod launchBrowser" time="0.0">
    <skipped/>
  </testcase> <!-- @BeforeMethod launchBrowser -->
  <testcase classname="com.employee.TestNG_Report_" name="@AfterMethod tearDown" time="0.0">
    <skipped/>
  </testcase> <!-- @AfterMethod tearDown -->
  <testcase classname="com.employee.TestNG_Report_" name="@BeforeMethod launchBrowser" time="0.0">
    <skipped/>
  </testcase> <!-- @BeforeMethod launchBrowser -->
  <testcase classname="com.employee.TestNG_Report_" name="@AfterMethod tearDown" time="0.0">
    <skipped/>
  </testcase> <!-- @AfterMethod tearDown -->
  <testcase classname="com.employee.TestNG_Report_" name="@BeforeMethod launchBrowser" time="0.0">
    <skipped/>
  </testcase> <!-- @BeforeMethod launchBrowser -->
  <testcase classname="com.employee.TestNG_Report_" name="@AfterMethod tearDown" time="0.0">
    <skipped/>
  </testcase> <!-- @AfterMethod tearDown -->
  <testcase classname="com.employee.TestNG_Report_" name="@BeforeMethod launchBrowser" time="0.0">
    <skipped/>
  </testcase> <!-- @BeforeMethod launchBrowser -->
  <testcase classname="com.employee.TestNG_Report_" name="@AfterMethod tearDown" time="0.0">
    <skipped/>
  </testcase> <!-- @AfterMethod tearDown -->
  <testcase classname="com.employee.TestNG_Report_" name="@BeforeMethod launchBrowser" time="0.0">
    <skipped/>
  </testcase> <!-- @BeforeMethod launchBrowser -->
  <testcase classname="com.employee.TestNG_Report_" name="@AfterMethod tearDown" time="0.0">
    <skipped/>
  </testcase> <!-- @AfterMethod tearDown -->
  <testcase classname="com.employee.TestNG_Report_" name="@BeforeMethod launchBrowser" time="0.0">
    <skipped/>
  </testcase> <!-- @BeforeMethod launchBrowser -->
  <testcase classname="com.employee.TestNG_Report_" name="@AfterMethod tearDown" time="0.0">
    <skipped/>
  </testcase> <!-- @AfterMethod tearDown -->
  <testcase classname="com.employee.TestNG_Report_" name="@BeforeMethod launchBrowser" time="0.0">
    <skipped/>
  </testcase> <!-- @BeforeMethod launchBrowser -->
  <testcase classname="com.employee.TestNG_Report_" name="@AfterMethod tearDown" time="0.0">
    <skipped/>
  </testcase> <!-- @AfterMethod tearDown -->
  <testcase classname="com.employee.TestNG_Report_" name="@BeforeMethod launchBrowser" time="0.0">
    <skipped/>
  </testcase> <!-- @BeforeMethod launchBrowser -->
  <testcase classname="com.employee.TestNG_Report_" name="@AfterMethod tearDown" time="0.0">
    <skipped/>
  </testcase> <!-- @AfterMethod tearDown -->
  <testcase classname="com.employee.TestNG_Report_" name="@BeforeMethod launchBrowser" time="0.0">
    <skipped/>
  </testcase> <!-- @BeforeMethod launchBrowser -->
  <testcase classname="com.employee.TestNG_Report_" name="@AfterMethod tearDown" time="0.0">
    <skipped/>
  </testcase> <!-- @AfterMethod tearDown -->
  <testcase classname="com.employee.TestNG_Report_" name="@BeforeMethod launchBrowser" time="0.0">
    <skipped/>
  </testcase> <!-- @BeforeMethod launchBrowser -->
  <testcase classname="com.employee.TestNG_Report_" name="@AfterMethod tearDown" time="0.0">
    <skipped/>
  </testcase> <!-- @AfterMethod tearDown -->
  <testcase classname="com.employee.TestNG_Report_" name="@BeforeMethod launchBrowser" time="0.0">
    <skipped/>
  </testcase> <!-- @BeforeMethod launchBrowser -->
  <testcase classname="com.employee.TestNG_Report_" name="@AfterMethod tearDown" time="0.0">
    <skipped/>
  </testcase> <!-- @AfterMethod tearDown -->
  <testcase classname="com.employee.TestNG_Report_" name="@BeforeMethod launchBrowser" time="0.0">
    <skipped/>
  </testcase> <!-- @BeforeMethod launchBrowser -->
  <testcase classname="com.employee.TestNG_Report_" name="@AfterMethod tearDown" time="0.0">
    <skipped/>
  </testcase> <!-- @AfterMethod tearDown -->
  <testcase classname="com.employee.TestNG_Report_" name="@BeforeMethod launchBrowser" time="0.0">
    <skipped/>
  </testcase> <!-- @BeforeMethod launchBrowser -->
  <testcase classname="com.employee.TestNG_Report_" name="@AfterMethod tearDown" time="0.0">
    <skipped/>
  </testcase> <!-- @AfterMethod tearDown -->
  <testcase classname="com.employee.TestNG_Report_" name="@BeforeMethod launchBrowser" time="0.0">
    <skipped/>
  </testcase> <!-- @BeforeMethod launchBrowser -->
  <testcase classname="com.employee.TestNG_Report_" name="@AfterMethod tearDown" time="0.0">
    <skipped/>
  </testcase> <!-- @AfterMethod tearDown -->
  <testcase classname="com.employee.TestNG_Report_" name="@BeforeMethod launchBrowser" time="0.0">
    <skipped/>
  </testcase> <!-- @BeforeMethod launchBrowser -->
  <testcase classname="com.employee.TestNG_Report_" name="@AfterMethod tearDown" time="0.0">
    <skipped/>
  </testcase> <!-- @AfterMethod tearDown -->
  <testcase classname="com.employee.TestNG_Report_" name="@BeforeMethod launchBrowser" time="0.0">
    <skipped/>
  </testcase> <!-- @BeforeMethod launchBrowser -->
  <testcase classname="com.employee.TestNG_Report_" name="@AfterMethod tearDown" time="0.0">
    <skipped/>
  </testcase> <!-- @AfterMethod tearDown -->
  <testcase classname="com.employee.TestNG_Report_" name="@BeforeMethod launchBrowser" time="0.0">
    <skipped/>
  </testcase> <!-- @BeforeMethod launchBrowser -->
  <testcase classname="com.employee.TestNG_Report_" name="@AfterMethod tearDown" time="0.0">
    <skipped/>
  </testcase> <!-- @AfterMethod tearDown -->
  <testcase classname="com.employee.TestNG_Report_" name="@BeforeMethod launchBrowser" time="0.0">
    <skipped/>
  </testcase> <!-- @BeforeMethod launchBrowser -->
  <testcase classname="com.employee.TestNG_Report_" name="@AfterMethod tearDown" time="0.0">
    <skipped/>
  </testcase> <!-- @AfterMethod tearDown -->
  <testcase classname="com.employee.TestNG_Report_" name="@BeforeMethod launchBrowser" time="0.0">
    <skipped/>
  </testcase> <!-- @BeforeMethod launchBrowser -->
  <testcase classname="com.employee.TestNG_Report_" name="@AfterMethod tearDown" time="0.0">
    <skipped/>
  </testcase> <!-- @AfterMethod tearDown -->
  <testcase classname="com.employee.TestNG_Report_" name="@BeforeMethod launchBrowser" time="0.0">
    <skipped/>
  </testcase> <!-- @BeforeMethod launchBrowser -->
  <testcase classname="com.employee.TestNG_Report_" name="@AfterMethod tearDown" time="0.0">
    <skipped/>
  </testcase> <!-- @AfterMethod tearDown -->
  <testcase classname="com.employee.TestNG_Report_" name="@BeforeMethod launchBrowser" time="0.0">
    <skipped/>
  </testcase> <!-- @BeforeMethod launchBrowser -->
  <testcase classname="com.employee.TestNG_Report_" name="@AfterMethod tearDown" time="0.0">
    <skipped/>
  </testcase> <!-- @AfterMethod tearDown -->
  <testcase classname="com.employee.TestNG_Report_" name="tc01_PageTitleVerification" time="0.0">
    <skipped/>
  </testcase> <!-- tc01_PageTitleVerification -->
  <testcase classname="com.employee.TestNG_Report_" name="tc02_LoginPageUIElements" time="0.001">
    <skipped/>
  </testcase> <!-- tc02_LoginPageUIElements -->
  <testcase classname="com.employee.TestNG_Report_" name="tc03_AdminRoleCardClickable" time="0.0">
    <skipped/>
  </testcase> <!-- tc03_AdminRoleCardClickable -->
  <testcase classname="com.employee.TestNG_Report_" name="tc04_EmployeeRoleCardClickable" time="0.0">
    <skipped/>
  </testcase> <!-- tc04_EmployeeRoleCardClickable -->
  <testcase classname="com.employee.TestNG_Report_" name="tc05_ValidAdminLogin" time="0.0">
    <skipped/>
  </testcase> <!-- tc05_ValidAdminLogin -->
  <testcase classname="com.employee.TestNG_Report_" name="tc06_InvalidAdminLogin" time="0.0">
    <skipped/>
  </testcase> <!-- tc06_InvalidAdminLogin -->
  <testcase classname="com.employee.TestNG_Report_" name="tc07_ValidEmployeeLogin" time="0.0">
    <skipped/>
  </testcase> <!-- tc07_ValidEmployeeLogin -->
  <testcase classname="com.employee.TestNG_Report_" name="tc08_AdminLogout" time="0.0">
    <skipped/>
  </testcase> <!-- tc08_AdminLogout -->
  <testcase classname="com.employee.TestNG_Report_" name="tc09_DashboardLoads" time="0.0">
    <skipped/>
  </testcase> <!-- tc09_DashboardLoads -->
  <testcase classname="com.employee.TestNG_Report_" name="tc10_NavigateToEmployeesPage" time="0.0">
    <skipped/>
  </testcase> <!-- tc10_NavigateToEmployeesPage -->
  <testcase classname="com.employee.TestNG_Report_" name="tc11_NavigateToAttendancePage" time="0.0">
    <skipped/>
  </testcase> <!-- tc11_NavigateToAttendancePage -->
  <testcase classname="com.employee.TestNG_Report_" name="tc12_NavigateToSalaryPage" time="0.001">
    <skipped/>
  </testcase> <!-- tc12_NavigateToSalaryPage -->
  <testcase classname="com.employee.TestNG_Report_" name="tc13_NavigateToLeavesPage" time="0.0">
    <skipped/>
  </testcase> <!-- tc13_NavigateToLeavesPage -->
  <testcase classname="com.employee.TestNG_Report_" name="tc14_NavigateToReportsPage" time="0.0">
    <skipped/>
  </testcase> <!-- tc14_NavigateToReportsPage -->
  <testcase classname="com.employee.TestNG_Report_" name="tc15_NotificationsPage" time="0.0">
    <skipped/>
  </testcase> <!-- tc15_NotificationsPage -->
  <testcase classname="com.employee.TestNG_Report_" name="tc16_AddNewEmployee" time="0.001">
    <skipped/>
  </testcase> <!-- tc16_AddNewEmployee -->
  <testcase classname="com.employee.TestNG_Report_" name="tc17_SearchEmployee" time="0.0">
    <skipped/>
  </testcase> <!-- tc17_SearchEmployee -->
  <testcase classname="com.employee.TestNG_Report_" name="tc18_EmployeePortalDashboard" time="0.0">
    <skipped/>
  </testcase> <!-- tc18_EmployeePortalDashboard -->
  <testcase classname="com.employee.TestNG_Report_" name="tc19_EmployeePortalNotifications" time="0.0">
    <skipped/>
  </testcase> <!-- tc19_EmployeePortalNotifications -->
  <testcase classname="com.employee.TestNG_Report_" name="tc20_EmployeePortalLeaveRequest" time="0.0">
    <skipped/>
  </testcase> <!-- tc20_EmployeePortalLeaveRequest -->
  <testcase classname="com.employee.TestNG_Report_" name="tc21_HRAdminLogin" time="0.0">
    <skipped/>
  </testcase> <!-- tc21_HRAdminLogin -->
  <testcase classname="com.employee.TestNG_Report_" name="tc22_SecondEmployeeLogin" time="0.0">
    <skipped/>
  </testcase> <!-- tc22_SecondEmployeeLogin -->
  <testcase classname="com.employee.TestNG_Report_" name="tc23_BackButtonRoleSelection" time="0.0">
    <skipped/>
  </testcase> <!-- tc23_BackButtonRoleSelection -->
  <testcase classname="com.employee.TestNG_Report_" name="tc24_PasswordToggle" time="0.0">
    <skipped/>
  </testcase> <!-- tc24_PasswordToggle -->
  <testcase classname="com.employee.TestNG_Report_" name="tc25_EmptyFormValidation" time="0.0">
    <skipped/>
  </testcase> <!-- tc25_EmptyFormValidation -->
  <testcase classname="com.employee.TestNG_Report_" name="tc26_DashboardStatCards" time="0.0">
    <skipped/>
  </testcase> <!-- tc26_DashboardStatCards -->
  <testcase classname="com.employee.TestNG_Report_" name="tc27_SidebarCollapseExpand" time="0.0">
    <skipped/>
  </testcase> <!-- tc27_SidebarCollapseExpand -->
  <testcase classname="com.employee.TestNG_Report_" name="tc28_EmployeeListHasRows" time="0.0">
    <skipped/>
  </testcase> <!-- tc28_EmployeeListHasRows -->
  <testcase classname="com.employee.TestNG_Report_" name="tc29_LeaveListHasEntries" time="0.0">
    <skipped/>
  </testcase> <!-- tc29_LeaveListHasEntries -->
  <testcase classname="com.employee.TestNG_Report_" name="tc30_NoJavaScriptErrors" time="0.0">
    <skipped/>
  </testcase> <!-- tc30_NoJavaScriptErrors -->
</testsuite> <!-- Full Regression Suite -->
